<?xml version="1.0" encoding="UTF-8"?>
<!-- Generated by org.testng.reporters.JUnitReportReporter -->
<testsuite skipped="0" hostname="LAPTOP-EUKMGI2V" name="com.leaftaps.testcases.TC001_LoginToLeafTaps" tests="1" failures="0" timestamp="2023-06-06T12:43:53 IST" time="11.621" errors="0">
  <testcase name="loginToLeafTaps" time="11.621" classname="com.leaftaps.testcases.TC001_LoginToLeafTaps"/>
  <system-out/>
</testsuite> <!-- com.leaftaps.testcases.TC001_LoginToLeafTaps -->
