<?xml version="1.0" encoding="UTF-8"?>
<!-- Generated by org.testng.reporters.JUnitReportReporter -->
<testsuite skipped="0" hostname="LAPTOP-EUKMGI2V" name="com.leaftaps.testcases.TC002_Login" tests="2" failures="0" timestamp="2023-06-06T12:43:53 IST" time="9.035" errors="0">
  <testcase name="loginToLeafTaps" time="4.586" classname="com.leaftaps.testcases.TC002_Login"/>
  <system-out/>
  <testcase name="loginToLeafTaps" time="4.449" classname="com.leaftaps.testcases.TC002_Login"/>
  <system-out/>
</testsuite> <!-- com.leaftaps.testcases.TC002_Login -->
